INFO 2020-12-27 16:03:48,212 root : Сервер доступний. Час на сервері: 2020-12-27
INFO 2020-12-27 16:03:48,212 root : Запитувана сторінка: : http://localhost:8000/health/
INFO 2020-12-27 16:03:48,212 root : Відповідь сервера місти наступні поля:
INFO 2020-12-27 16:03:48,213 root : Ключ: date, Значення: 2020-12-27
INFO 2020-12-27 16:03:48,213 root : Ключ: current_page, Значення: http://localhost:8000/health/
INFO 2020-12-27 16:03:48,213 root : Ключ: server_info, Значення: localhost
INFO 2020-12-27 16:03:48,214 root : Ключ: client_info, Значення: {'user_agent': 'python-requests/2.25.1', 'user_ip': '127.0.0.1'}
INFO 2020-12-27 16:04:48,289 root : Сервер доступний. Час на сервері: 2020-12-27
INFO 2020-12-27 16:04:48,290 root : Запитувана сторінка: : http://localhost:8000/health/
INFO 2020-12-27 16:04:48,291 root : Відповідь сервера місти наступні поля:
INFO 2020-12-27 16:04:48,291 root : Ключ: date, Значення: 2020-12-27
INFO 2020-12-27 16:04:48,291 root : Ключ: current_page, Значення: http://localhost:8000/health/
INFO 2020-12-27 16:04:48,291 root : Ключ: server_info, Значення: localhost
INFO 2020-12-27 16:04:48,291 root : Ключ: client_info, Значення: {'user_agent': 'python-requests/2.25.1', 'user_ip': '127.0.0.1'}
INFO 2020-12-27 16:09:16,146 root : Сервер доступний. Час на сервері: 2020-12-27
INFO 2020-12-27 16:09:16,147 root : Запитувана сторінка: : http://localhost:8000/health/
INFO 2020-12-27 16:09:16,147 root : Відповідь сервера місти наступні поля:
INFO 2020-12-27 16:09:16,147 root : Ключ: date, Значення: 2020-12-27
INFO 2020-12-27 16:09:16,147 root : Ключ: current_page, Значення: http://localhost:8000/health/
INFO 2020-12-27 16:09:16,147 root : Ключ: server_info, Значення: localhost
INFO 2020-12-27 16:09:16,147 root : Ключ: client_info, Значення: {'user_agent': 'python-requests/2.25.1', 'user_ip': '127.0.0.1'}
